<?xml version="1.0" encoding="UTF-8" ?>
<testsuites disabled="0" errors="0" failures="0" tests="4" time="66.776">
 <testsuite name="Basic check for" timestamp="2022-04-05T18:30:14" hostname="localhost" time="66.776" errors="0" tests="4" skipped="0" disabled="0" failures="0">
  <testcase classname="Basic check for" name="Login to orthocatapult" time="11.258" />
  <testcase classname="Basic check for" name="click add patient button on dashboard" time="9.924" />
  <testcase classname="Basic check for" name="filling detals and submitting them on Edit patient page" time="23.303" />
  <testcase classname="Basic check for" name="filling the tx plan and submitting" time="22.263" />
 </testsuite>
</testsuites>